<?xml version="1.0" encoding="UTF-8" ?>
<testsuite failures="0" time="0.47" errors="0" skipped="0" tests="21" name="org.apache.commons.math3.stat.regression.GLSMultipleLinearRegressionTest">
  <properties>
    <property name="java.runtime.name" value="OpenJDK Runtime Environment"/>
    <property name="sun.boot.library.path" value="/usr/lib/jvm/java-7-openjdk-amd64/jre/lib/amd64"/>
    <property name="java.vm.version" value="24.75-b04"/>
    <property name="java.vm.vendor" value="Oracle Corporation"/>
    <property name="java.vendor.url" value="http://java.oracle.com/"/>
    <property name="path.separator" value=":"/>
    <property name="java.vm.name" value="OpenJDK 64-Bit Server VM"/>
    <property name="file.encoding.pkg" value="sun.io"/>
    <property name="user.country" value="US"/>
    <property name="sun.java.launcher" value="SUN_STANDARD"/>
    <property name="sun.os.patch.level" value="unknown"/>
    <property name="java.vm.specification.name" value="Java Virtual Machine Specification"/>
    <property name="user.dir" value="/home/matias/develop/repositories/versions/math-0c1ef"/>
    <property name="java.runtime.version" value="1.7.0_75-b13"/>
    <property name="java.awt.graphicsenv" value="sun.awt.X11GraphicsEnvironment"/>
    <property name="java.endorsed.dirs" value="/usr/lib/jvm/java-7-openjdk-amd64/jre/lib/endorsed"/>
    <property name="os.arch" value="amd64"/>
    <property name="java.io.tmpdir" value="/tmp"/>
    <property name="line.separator" value="
"/>
    <property name="java.vm.specification.vendor" value="Oracle Corporation"/>
    <property name="os.name" value="Linux"/>
    <property name="classworlds.conf" value="/usr/share/maven2/bin/m2.conf"/>
    <property name="sun.jnu.encoding" value="UTF-8"/>
    <property name="java.library.path" value="/usr/java/packages/lib/amd64:/usr/lib/x86_64-linux-gnu/jni:/lib/x86_64-linux-gnu:/usr/lib/x86_64-linux-gnu:/usr/lib/jni:/lib:/usr/lib"/>
    <property name="java.specification.name" value="Java Platform API Specification"/>
    <property name="java.class.version" value="51.0"/>
    <property name="sun.management.compiler" value="HotSpot 64-Bit Tiered Compilers"/>
    <property name="os.version" value="3.16.0-31-generic"/>
    <property name="user.home" value="/home/matias"/>
    <property name="user.timezone" value="Europe/Paris"/>
    <property name="java.awt.printerjob" value="sun.print.PSPrinterJob"/>
    <property name="file.encoding" value="UTF-8"/>
    <property name="java.specification.version" value="1.7"/>
    <property name="user.name" value="matias"/>
    <property name="java.class.path" value="/usr/share/maven2/boot/classworlds.jar"/>
    <property name="java.vm.specification.version" value="1.7"/>
    <property name="sun.arch.data.model" value="64"/>
    <property name="java.home" value="/usr/lib/jvm/java-7-openjdk-amd64/jre"/>
    <property name="sun.java.command" value="org.codehaus.classworlds.Launcher &quot;install&quot;"/>
    <property name="java.specification.vendor" value="Oracle Corporation"/>
    <property name="user.language" value="en"/>
    <property name="awt.toolkit" value="sun.awt.X11.XToolkit"/>
    <property name="java.vm.info" value="mixed mode"/>
    <property name="java.version" value="1.7.0_75"/>
    <property name="java.ext.dirs" value="/usr/lib/jvm/java-7-openjdk-amd64/jre/lib/ext:/usr/java/packages/lib/ext"/>
    <property name="securerandom.source" value="file:/dev/./urandom"/>
    <property name="sun.boot.class.path" value="/usr/lib/jvm/java-7-openjdk-amd64/jre/lib/resources.jar:/usr/lib/jvm/java-7-openjdk-amd64/jre/lib/rt.jar:/usr/lib/jvm/java-7-openjdk-amd64/jre/lib/sunrsasign.jar:/usr/lib/jvm/java-7-openjdk-amd64/jre/lib/jsse.jar:/usr/lib/jvm/java-7-openjdk-amd64/jre/lib/jce.jar:/usr/lib/jvm/java-7-openjdk-amd64/jre/lib/charsets.jar:/usr/lib/jvm/java-7-openjdk-amd64/jre/lib/rhino.jar:/usr/lib/jvm/java-7-openjdk-amd64/jre/lib/jfr.jar:/usr/lib/jvm/java-7-openjdk-amd64/jre/classes"/>
    <property name="java.vendor" value="Oracle Corporation"/>
    <property name="maven.home" value="/usr/share/maven2"/>
    <property name="file.separator" value="/"/>
    <property name="java.vendor.url.bug" value="http://bugreport.sun.com/bugreport/"/>
    <property name="sun.cpu.endian" value="little"/>
    <property name="sun.io.unicode.encoding" value="UnicodeLittle"/>
    <property name="sun.desktop" value="gnome"/>
    <property name="sun.cpu.isalist" value=""/>
  </properties>
  <testcase time="0.464" classname="org.apache.commons.math3.stat.regression.GLSMultipleLinearRegressionTest" name="testGLSEfficiency"/>
  <testcase time="0" classname="org.apache.commons.math3.stat.regression.GLSMultipleLinearRegressionTest" name="cannotAddNullYSampleData"/>
  <testcase time="0" classname="org.apache.commons.math3.stat.regression.GLSMultipleLinearRegressionTest" name="cannotAddCovarianceDataThatIsNotSquare"/>
  <testcase time="0" classname="org.apache.commons.math3.stat.regression.GLSMultipleLinearRegressionTest" name="notEnoughData"/>
  <testcase time="0" classname="org.apache.commons.math3.stat.regression.GLSMultipleLinearRegressionTest" name="testGLSOLSConsistency"/>
  <testcase time="0" classname="org.apache.commons.math3.stat.regression.GLSMultipleLinearRegressionTest" name="cannotAddNullCovarianceData"/>
  <testcase time="0" classname="org.apache.commons.math3.stat.regression.GLSMultipleLinearRegressionTest" name="cannotAddCovarianceDataWithSampleSizeMismatch"/>
  <testcase time="0" classname="org.apache.commons.math3.stat.regression.GLSMultipleLinearRegressionTest" name="testYVariance"/>
  <testcase time="0" classname="org.apache.commons.math3.stat.regression.GLSMultipleLinearRegressionTest" name="cannotAddSampleDataWithSizeMismatch"/>
  <testcase time="0" classname="org.apache.commons.math3.stat.regression.GLSMultipleLinearRegressionTest" name="cannotAddXSampleData"/>
  <testcase time="0" classname="org.apache.commons.math3.stat.regression.GLSMultipleLinearRegressionTest" name="testNewSample2"/>
  <testcase time="0" classname="org.apache.commons.math3.stat.regression.GLSMultipleLinearRegressionTest" name="canEstimateResiduals"/>
  <testcase time="0" classname="org.apache.commons.math3.stat.regression.GLSMultipleLinearRegressionTest" name="canEstimateRegressandVariance"/>
  <testcase time="0" classname="org.apache.commons.math3.stat.regression.GLSMultipleLinearRegressionTest" name="testNewSampleInsufficientData"/>
  <testcase time="0" classname="org.apache.commons.math3.stat.regression.GLSMultipleLinearRegressionTest" name="testNewSample"/>
  <testcase time="0.001" classname="org.apache.commons.math3.stat.regression.GLSMultipleLinearRegressionTest" name="canEstimateRegressionParameters"/>
  <testcase time="0" classname="org.apache.commons.math3.stat.regression.GLSMultipleLinearRegressionTest" name="canEstimateRegressionParametersVariance"/>
  <testcase time="0" classname="org.apache.commons.math3.stat.regression.GLSMultipleLinearRegressionTest" name="testNewSampleNullData"/>
  <testcase time="0" classname="org.apache.commons.math3.stat.regression.GLSMultipleLinearRegressionTest" name="testXSampleDataNull"/>
  <testcase time="0" classname="org.apache.commons.math3.stat.regression.GLSMultipleLinearRegressionTest" name="testNewSampleInvalidData"/>
  <testcase time="0" classname="org.apache.commons.math3.stat.regression.GLSMultipleLinearRegressionTest" name="testYSampleDataNull"/>
</testsuite>