<?xml version="1.0" encoding="UTF-8" ?>
<testsuite failures="0" time="0.033" errors="0" skipped="0" tests="63" name="org.apache.commons.math3.util.Decimal64Test">
  <properties>
    <property name="java.runtime.name" value="OpenJDK Runtime Environment"/>
    <property name="sun.boot.library.path" value="/usr/lib/jvm/java-7-openjdk-amd64/jre/lib/amd64"/>
    <property name="java.vm.version" value="24.75-b04"/>
    <property name="java.vm.vendor" value="Oracle Corporation"/>
    <property name="java.vendor.url" value="http://java.oracle.com/"/>
    <property name="path.separator" value=":"/>
    <property name="java.vm.name" value="OpenJDK 64-Bit Server VM"/>
    <property name="file.encoding.pkg" value="sun.io"/>
    <property name="user.country" value="US"/>
    <property name="sun.java.launcher" value="SUN_STANDARD"/>
    <property name="sun.os.patch.level" value="unknown"/>
    <property name="java.vm.specification.name" value="Java Virtual Machine Specification"/>
    <property name="user.dir" value="/home/matias/develop/repositories/versions/math-0c1ef"/>
    <property name="java.runtime.version" value="1.7.0_75-b13"/>
    <property name="java.awt.graphicsenv" value="sun.awt.X11GraphicsEnvironment"/>
    <property name="java.endorsed.dirs" value="/usr/lib/jvm/java-7-openjdk-amd64/jre/lib/endorsed"/>
    <property name="os.arch" value="amd64"/>
    <property name="java.io.tmpdir" value="/tmp"/>
    <property name="line.separator" value="
"/>
    <property name="java.vm.specification.vendor" value="Oracle Corporation"/>
    <property name="os.name" value="Linux"/>
    <property name="classworlds.conf" value="/usr/share/maven2/bin/m2.conf"/>
    <property name="sun.jnu.encoding" value="UTF-8"/>
    <property name="java.library.path" value="/usr/java/packages/lib/amd64:/usr/lib/x86_64-linux-gnu/jni:/lib/x86_64-linux-gnu:/usr/lib/x86_64-linux-gnu:/usr/lib/jni:/lib:/usr/lib"/>
    <property name="java.specification.name" value="Java Platform API Specification"/>
    <property name="java.class.version" value="51.0"/>
    <property name="sun.management.compiler" value="HotSpot 64-Bit Tiered Compilers"/>
    <property name="os.version" value="3.16.0-31-generic"/>
    <property name="user.home" value="/home/matias"/>
    <property name="user.timezone" value="Europe/Paris"/>
    <property name="java.awt.printerjob" value="sun.print.PSPrinterJob"/>
    <property name="file.encoding" value="UTF-8"/>
    <property name="java.specification.version" value="1.7"/>
    <property name="user.name" value="matias"/>
    <property name="java.class.path" value="/usr/share/maven2/boot/classworlds.jar"/>
    <property name="java.vm.specification.version" value="1.7"/>
    <property name="sun.arch.data.model" value="64"/>
    <property name="java.home" value="/usr/lib/jvm/java-7-openjdk-amd64/jre"/>
    <property name="sun.java.command" value="org.codehaus.classworlds.Launcher &quot;install&quot;"/>
    <property name="java.specification.vendor" value="Oracle Corporation"/>
    <property name="user.language" value="en"/>
    <property name="awt.toolkit" value="sun.awt.X11.XToolkit"/>
    <property name="java.vm.info" value="mixed mode"/>
    <property name="java.version" value="1.7.0_75"/>
    <property name="java.ext.dirs" value="/usr/lib/jvm/java-7-openjdk-amd64/jre/lib/ext:/usr/java/packages/lib/ext"/>
    <property name="securerandom.source" value="file:/dev/./urandom"/>
    <property name="sun.boot.class.path" value="/usr/lib/jvm/java-7-openjdk-amd64/jre/lib/resources.jar:/usr/lib/jvm/java-7-openjdk-amd64/jre/lib/rt.jar:/usr/lib/jvm/java-7-openjdk-amd64/jre/lib/sunrsasign.jar:/usr/lib/jvm/java-7-openjdk-amd64/jre/lib/jsse.jar:/usr/lib/jvm/java-7-openjdk-amd64/jre/lib/jce.jar:/usr/lib/jvm/java-7-openjdk-amd64/jre/lib/charsets.jar:/usr/lib/jvm/java-7-openjdk-amd64/jre/lib/rhino.jar:/usr/lib/jvm/java-7-openjdk-amd64/jre/lib/jfr.jar:/usr/lib/jvm/java-7-openjdk-amd64/jre/classes"/>
    <property name="java.vendor" value="Oracle Corporation"/>
    <property name="maven.home" value="/usr/share/maven2"/>
    <property name="file.separator" value="/"/>
    <property name="java.vendor.url.bug" value="http://bugreport.sun.com/bugreport/"/>
    <property name="sun.cpu.endian" value="little"/>
    <property name="sun.io.unicode.encoding" value="UnicodeLittle"/>
    <property name="sun.desktop" value="gnome"/>
    <property name="sun.cpu.isalist" value=""/>
  </properties>
  <testcase time="0" classname="org.apache.commons.math3.util.Decimal64Test" name="testAdd"/>
  <testcase time="0" classname="org.apache.commons.math3.util.Decimal64Test" name="testSubtract"/>
  <testcase time="0" classname="org.apache.commons.math3.util.Decimal64Test" name="testIsInfinite"/>
  <testcase time="0" classname="org.apache.commons.math3.util.Decimal64Test" name="testIsNaN"/>
  <testcase time="0" classname="org.apache.commons.math3.util.Decimal64Test" name="testReciprocal"/>
  <testcase time="0" classname="org.apache.commons.math3.util.Decimal64Test" name="testDivide"/>
  <testcase time="0" classname="org.apache.commons.math3.util.Decimal64Test" name="testMultiply"/>
  <testcase time="0" classname="org.apache.commons.math3.util.Decimal64Test" name="testNegate"/>
  <testcase time="0.001" classname="org.apache.commons.math3.util.Decimal64Test" name="testDivideField"/>
  <testcase time="0.001" classname="org.apache.commons.math3.util.Decimal64Test" name="testRemainderDouble"/>
  <testcase time="0" classname="org.apache.commons.math3.util.Decimal64Test" name="testGetField"/>
  <testcase time="0.001" classname="org.apache.commons.math3.util.Decimal64Test" name="testDivideDouble"/>
  <testcase time="0" classname="org.apache.commons.math3.util.Decimal64Test" name="testAbs"/>
  <testcase time="0.001" classname="org.apache.commons.math3.util.Decimal64Test" name="testCos"/>
  <testcase time="0" classname="org.apache.commons.math3.util.Decimal64Test" name="testExp"/>
  <testcase time="0" classname="org.apache.commons.math3.util.Decimal64Test" name="testLog"/>
  <testcase time="0" classname="org.apache.commons.math3.util.Decimal64Test" name="testSin"/>
  <testcase time="0" classname="org.apache.commons.math3.util.Decimal64Test" name="testTan"/>
  <testcase time="0" classname="org.apache.commons.math3.util.Decimal64Test" name="testAcosh"/>
  <testcase time="0" classname="org.apache.commons.math3.util.Decimal64Test" name="testAsinh"/>
  <testcase time="0.001" classname="org.apache.commons.math3.util.Decimal64Test" name="testAtan2"/>
  <testcase time="0" classname="org.apache.commons.math3.util.Decimal64Test" name="testAtanh"/>
  <testcase time="0" classname="org.apache.commons.math3.util.Decimal64Test" name="testExpm1"/>
  <testcase time="0.001" classname="org.apache.commons.math3.util.Decimal64Test" name="testFloor"/>
  <testcase time="0.001" classname="org.apache.commons.math3.util.Decimal64Test" name="testHypot"/>
  <testcase time="0" classname="org.apache.commons.math3.util.Decimal64Test" name="testLog1p"/>
  <testcase time="0" classname="org.apache.commons.math3.util.Decimal64Test" name="testRootN"/>
  <testcase time="0.001" classname="org.apache.commons.math3.util.Decimal64Test" name="testRound"/>
  <testcase time="0.004" classname="org.apache.commons.math3.util.Decimal64Test" name="testScalb"/>
  <testcase time="0" classname="org.apache.commons.math3.util.Decimal64Test" name="testAcos"/>
  <testcase time="0" classname="org.apache.commons.math3.util.Decimal64Test" name="testAsin"/>
  <testcase time="0" classname="org.apache.commons.math3.util.Decimal64Test" name="testAtan"/>
  <testcase time="0" classname="org.apache.commons.math3.util.Decimal64Test" name="testCbrt"/>
  <testcase time="0" classname="org.apache.commons.math3.util.Decimal64Test" name="testCeil"/>
  <testcase time="0" classname="org.apache.commons.math3.util.Decimal64Test" name="testCosh"/>
  <testcase time="0" classname="org.apache.commons.math3.util.Decimal64Test" name="testHash"/>
  <testcase time="0" classname="org.apache.commons.math3.util.Decimal64Test" name="testRint"/>
  <testcase time="0" classname="org.apache.commons.math3.util.Decimal64Test" name="testSinh"/>
  <testcase time="0" classname="org.apache.commons.math3.util.Decimal64Test" name="testSqrt"/>
  <testcase time="0" classname="org.apache.commons.math3.util.Decimal64Test" name="testTanh"/>
  <testcase time="0.001" classname="org.apache.commons.math3.util.Decimal64Test" name="testAddField"/>
  <testcase time="0" classname="org.apache.commons.math3.util.Decimal64Test" name="testMultiplyDouble"/>
  <testcase time="0.001" classname="org.apache.commons.math3.util.Decimal64Test" name="testMultiplyInt"/>
  <testcase time="0.002" classname="org.apache.commons.math3.util.Decimal64Test" name="testLinearCombinationDaFa"/>
  <testcase time="0" classname="org.apache.commons.math3.util.Decimal64Test" name="testLinearCombinationFaFa"/>
  <testcase time="0" classname="org.apache.commons.math3.util.Decimal64Test" name="testAddDouble"/>
  <testcase time="0" classname="org.apache.commons.math3.util.Decimal64Test" name="testPowDouble"/>
  <testcase time="0" classname="org.apache.commons.math3.util.Decimal64Test" name="testSubtractDouble"/>
  <testcase time="0" classname="org.apache.commons.math3.util.Decimal64Test" name="testRemainderField"/>
  <testcase time="0" classname="org.apache.commons.math3.util.Decimal64Test" name="testCopySignDouble"/>
  <testcase time="0" classname="org.apache.commons.math3.util.Decimal64Test" name="testLinearCombinationDF2"/>
  <testcase time="0" classname="org.apache.commons.math3.util.Decimal64Test" name="testLinearCombinationDF3"/>
  <testcase time="0" classname="org.apache.commons.math3.util.Decimal64Test" name="testLinearCombinationDF4"/>
  <testcase time="0" classname="org.apache.commons.math3.util.Decimal64Test" name="testLinearCombinationFF2"/>
  <testcase time="0" classname="org.apache.commons.math3.util.Decimal64Test" name="testLinearCombinationFF3"/>
  <testcase time="0" classname="org.apache.commons.math3.util.Decimal64Test" name="testLinearCombinationFF4"/>
  <testcase time="0" classname="org.apache.commons.math3.util.Decimal64Test" name="testEquals"/>
  <testcase time="0.001" classname="org.apache.commons.math3.util.Decimal64Test" name="testCopySignField"/>
  <testcase time="0" classname="org.apache.commons.math3.util.Decimal64Test" name="testPowField"/>
  <testcase time="0" classname="org.apache.commons.math3.util.Decimal64Test" name="testPowInt"/>
  <testcase time="0" classname="org.apache.commons.math3.util.Decimal64Test" name="testSignum"/>
  <testcase time="0" classname="org.apache.commons.math3.util.Decimal64Test" name="testMultiplyField"/>
  <testcase time="0.001" classname="org.apache.commons.math3.util.Decimal64Test" name="testSubtractField"/>
</testsuite>