<?xml version="1.0" encoding="UTF-8" ?>
<testsuite failures="0" time="2.701" errors="0" skipped="0" tests="124" name="org.apache.commons.math3.analysis.differentiation.DerivativeStructureTest">
  <properties>
    <property name="java.runtime.name" value="OpenJDK Runtime Environment"/>
    <property name="sun.boot.library.path" value="/usr/lib/jvm/java-7-openjdk-amd64/jre/lib/amd64"/>
    <property name="java.vm.version" value="24.75-b04"/>
    <property name="java.vm.vendor" value="Oracle Corporation"/>
    <property name="java.vendor.url" value="http://java.oracle.com/"/>
    <property name="path.separator" value=":"/>
    <property name="java.vm.name" value="OpenJDK 64-Bit Server VM"/>
    <property name="file.encoding.pkg" value="sun.io"/>
    <property name="user.country" value="US"/>
    <property name="sun.java.launcher" value="SUN_STANDARD"/>
    <property name="sun.os.patch.level" value="unknown"/>
    <property name="java.vm.specification.name" value="Java Virtual Machine Specification"/>
    <property name="user.dir" value="/home/matias/develop/repositories/versions/math-0c1ef"/>
    <property name="java.runtime.version" value="1.7.0_75-b13"/>
    <property name="java.awt.graphicsenv" value="sun.awt.X11GraphicsEnvironment"/>
    <property name="java.endorsed.dirs" value="/usr/lib/jvm/java-7-openjdk-amd64/jre/lib/endorsed"/>
    <property name="os.arch" value="amd64"/>
    <property name="java.io.tmpdir" value="/tmp"/>
    <property name="line.separator" value="
"/>
    <property name="java.vm.specification.vendor" value="Oracle Corporation"/>
    <property name="os.name" value="Linux"/>
    <property name="classworlds.conf" value="/usr/share/maven2/bin/m2.conf"/>
    <property name="sun.jnu.encoding" value="UTF-8"/>
    <property name="java.library.path" value="/usr/java/packages/lib/amd64:/usr/lib/x86_64-linux-gnu/jni:/lib/x86_64-linux-gnu:/usr/lib/x86_64-linux-gnu:/usr/lib/jni:/lib:/usr/lib"/>
    <property name="java.specification.name" value="Java Platform API Specification"/>
    <property name="java.class.version" value="51.0"/>
    <property name="sun.management.compiler" value="HotSpot 64-Bit Tiered Compilers"/>
    <property name="os.version" value="3.16.0-31-generic"/>
    <property name="user.home" value="/home/matias"/>
    <property name="user.timezone" value="Europe/Paris"/>
    <property name="java.awt.printerjob" value="sun.print.PSPrinterJob"/>
    <property name="file.encoding" value="UTF-8"/>
    <property name="java.specification.version" value="1.7"/>
    <property name="user.name" value="matias"/>
    <property name="java.class.path" value="/usr/share/maven2/boot/classworlds.jar"/>
    <property name="java.vm.specification.version" value="1.7"/>
    <property name="sun.arch.data.model" value="64"/>
    <property name="java.home" value="/usr/lib/jvm/java-7-openjdk-amd64/jre"/>
    <property name="sun.java.command" value="org.codehaus.classworlds.Launcher &quot;install&quot;"/>
    <property name="java.specification.vendor" value="Oracle Corporation"/>
    <property name="user.language" value="en"/>
    <property name="awt.toolkit" value="sun.awt.X11.XToolkit"/>
    <property name="java.vm.info" value="mixed mode"/>
    <property name="java.version" value="1.7.0_75"/>
    <property name="java.ext.dirs" value="/usr/lib/jvm/java-7-openjdk-amd64/jre/lib/ext:/usr/java/packages/lib/ext"/>
    <property name="securerandom.source" value="file:/dev/./urandom"/>
    <property name="sun.boot.class.path" value="/usr/lib/jvm/java-7-openjdk-amd64/jre/lib/resources.jar:/usr/lib/jvm/java-7-openjdk-amd64/jre/lib/rt.jar:/usr/lib/jvm/java-7-openjdk-amd64/jre/lib/sunrsasign.jar:/usr/lib/jvm/java-7-openjdk-amd64/jre/lib/jsse.jar:/usr/lib/jvm/java-7-openjdk-amd64/jre/lib/jce.jar:/usr/lib/jvm/java-7-openjdk-amd64/jre/lib/charsets.jar:/usr/lib/jvm/java-7-openjdk-amd64/jre/lib/rhino.jar:/usr/lib/jvm/java-7-openjdk-amd64/jre/lib/jfr.jar:/usr/lib/jvm/java-7-openjdk-amd64/jre/classes"/>
    <property name="java.vendor" value="Oracle Corporation"/>
    <property name="maven.home" value="/usr/share/maven2"/>
    <property name="file.separator" value="/"/>
    <property name="java.vendor.url.bug" value="http://bugreport.sun.com/bugreport/"/>
    <property name="sun.cpu.endian" value="little"/>
    <property name="sun.io.unicode.encoding" value="UnicodeLittle"/>
    <property name="sun.desktop" value="gnome"/>
    <property name="sun.cpu.isalist" value=""/>
  </properties>
  <testcase time="0.001" classname="org.apache.commons.math3.analysis.differentiation.DerivativeStructureTest" name="testCeilFloorRintLong"/>
  <testcase time="0" classname="org.apache.commons.math3.analysis.differentiation.DerivativeStructureTest" name="testPrimitiveAdd"/>
  <testcase time="0.062" classname="org.apache.commons.math3.analysis.differentiation.DerivativeStructureTest" name="testTanAtan"/>
  <testcase time="0.021" classname="org.apache.commons.math3.analysis.differentiation.DerivativeStructureTest" name="testSqrtDefinition"/>
  <testcase time="0.027" classname="org.apache.commons.math3.analysis.differentiation.DerivativeStructureTest" name="testHypotDefinition"/>
  <testcase time="0.03" classname="org.apache.commons.math3.analysis.differentiation.DerivativeStructureTest" name="testLog1pDefinition"/>
  <testcase time="0" classname="org.apache.commons.math3.analysis.differentiation.DerivativeStructureTest" name="testLinearCombination1DSDS"/>
  <testcase time="0.219" classname="org.apache.commons.math3.analysis.differentiation.DerivativeStructureTest" name="testLinearCombination2DSDS"/>
  <testcase time="0.024" classname="org.apache.commons.math3.analysis.differentiation.DerivativeStructureTest" name="testExpm1Definition"/>
  <testcase time="0.028" classname="org.apache.commons.math3.analysis.differentiation.DerivativeStructureTest" name="testCoshDefinition"/>
  <testcase time="0.004" classname="org.apache.commons.math3.analysis.differentiation.DerivativeStructureTest" name="testSerialization"/>
  <testcase time="0" classname="org.apache.commons.math3.analysis.differentiation.DerivativeStructureTest" name="testAtan2SpecialCases"/>
  <testcase time="0" classname="org.apache.commons.math3.analysis.differentiation.DerivativeStructureTest" name="testAbs"/>
  <testcase time="0" classname="org.apache.commons.math3.analysis.differentiation.DerivativeStructureTest" name="testAdd"/>
  <testcase time="0.008" classname="org.apache.commons.math3.analysis.differentiation.DerivativeStructureTest" name="testExp"/>
  <testcase time="0.011" classname="org.apache.commons.math3.analysis.differentiation.DerivativeStructureTest" name="testLog"/>
  <testcase time="0.009" classname="org.apache.commons.math3.analysis.differentiation.DerivativeStructureTest" name="testPow"/>
  <testcase time="0" classname="org.apache.commons.math3.analysis.differentiation.DerivativeStructureTest" name="testWrongVariableIndex"/>
  <testcase time="0" classname="org.apache.commons.math3.analysis.differentiation.DerivativeStructureTest" name="testSubtract"/>
  <testcase time="0.02" classname="org.apache.commons.math3.analysis.differentiation.DerivativeStructureTest" name="testAtan2"/>
  <testcase time="0.001" classname="org.apache.commons.math3.analysis.differentiation.DerivativeStructureTest" name="testField"/>
  <testcase time="0.121" classname="org.apache.commons.math3.analysis.differentiation.DerivativeStructureTest" name="testTrigo"/>
  <testcase time="0" classname="org.apache.commons.math3.analysis.differentiation.DerivativeStructureTest" name="testOneParameterConstructor"/>
  <testcase time="0" classname="org.apache.commons.math3.analysis.differentiation.DerivativeStructureTest" name="testReciprocal"/>
  <testcase time="0.09" classname="org.apache.commons.math3.analysis.differentiation.DerivativeStructureTest" name="testLinearCombination2DoubleDS"/>
  <testcase time="0" classname="org.apache.commons.math3.analysis.differentiation.DerivativeStructureTest" name="testCreateConstant"/>
  <testcase time="0.041" classname="org.apache.commons.math3.analysis.differentiation.DerivativeStructureTest" name="testSinhAsinh"/>
  <testcase time="0.005" classname="org.apache.commons.math3.analysis.differentiation.DerivativeStructureTest" name="testPrimitiveRemainder"/>
  <testcase time="0.016" classname="org.apache.commons.math3.analysis.differentiation.DerivativeStructureTest" name="testLog1pExpm1"/>
  <testcase time="0.084" classname="org.apache.commons.math3.analysis.differentiation.DerivativeStructureTest" name="testToRadiansDefinition"/>
  <testcase time="0" classname="org.apache.commons.math3.analysis.differentiation.DerivativeStructureTest" name="testVariable"/>
  <testcase time="0.001" classname="org.apache.commons.math3.analysis.differentiation.DerivativeStructureTest" name="testPrimitiveMultiply"/>
  <testcase time="0" classname="org.apache.commons.math3.analysis.differentiation.DerivativeStructureTest" name="testHypotSpecial"/>
  <testcase time="0.001" classname="org.apache.commons.math3.analysis.differentiation.DerivativeStructureTest" name="testCompositionOneVariableX"/>
  <testcase time="0.001" classname="org.apache.commons.math3.analysis.differentiation.DerivativeStructureTest" name="testCompositionOneVariableY"/>
  <testcase time="0.011" classname="org.apache.commons.math3.analysis.differentiation.DerivativeStructureTest" name="testSqrtPow2"/>
  <testcase time="0.034" classname="org.apache.commons.math3.analysis.differentiation.DerivativeStructureTest" name="testCoshAcosh"/>
  <testcase time="0.028" classname="org.apache.commons.math3.analysis.differentiation.DerivativeStructureTest" name="testSinhDefinition"/>
  <testcase time="0" classname="org.apache.commons.math3.analysis.differentiation.DerivativeStructureTest" name="testConstant"/>
  <testcase time="0" classname="org.apache.commons.math3.analysis.differentiation.DerivativeStructureTest" name="testCopySign"/>
  <testcase time="0" classname="org.apache.commons.math3.analysis.differentiation.DerivativeStructureTest" name="testMissingOrders"/>
  <testcase time="0.011" classname="org.apache.commons.math3.analysis.differentiation.DerivativeStructureTest" name="testTangentDefinition"/>
  <testcase time="0.042" classname="org.apache.commons.math3.analysis.differentiation.DerivativeStructureTest" name="testCompose"/>
  <testcase time="0.017" classname="org.apache.commons.math3.analysis.differentiation.DerivativeStructureTest" name="testCosAcos"/>
  <testcase time="0.042" classname="org.apache.commons.math3.analysis.differentiation.DerivativeStructureTest" name="testTanhAtanh"/>
  <testcase time="0.001" classname="org.apache.commons.math3.analysis.differentiation.DerivativeStructureTest" name="testPowDoubleDS"/>
  <testcase time="0" classname="org.apache.commons.math3.analysis.differentiation.DerivativeStructureTest" name="testComposeMismatchedDimensions"/>
  <testcase time="0" classname="org.apache.commons.math3.analysis.differentiation.DerivativeStructureTest" name="testLinearCombination1DoubleDS"/>
  <testcase time="0" classname="org.apache.commons.math3.analysis.differentiation.DerivativeStructureTest" name="testHypotNoOverflow"/>
  <testcase time="0.302" classname="org.apache.commons.math3.analysis.differentiation.DerivativeStructureTest" name="testTaylorPolynomial"/>
  <testcase time="0" classname="org.apache.commons.math3.analysis.differentiation.DerivativeStructureTest" name="testPrimitiveSubtract"/>
  <testcase time="0.076" classname="org.apache.commons.math3.analysis.differentiation.DerivativeStructureTest" name="testDegRad"/>
  <testcase time="0" classname="org.apache.commons.math3.analysis.differentiation.DerivativeStructureTest" name="testMultiply"/>
  <testcase time="0" classname="org.apache.commons.math3.analysis.differentiation.DerivativeStructureTest" name="testTooLargeOrder"/>
  <testcase time="0.711" classname="org.apache.commons.math3.analysis.differentiation.DerivativeStructureTest" name="testPowReciprocalPow"/>
  <testcase time="0.015" classname="org.apache.commons.math3.analysis.differentiation.DerivativeStructureTest" name="testLogExp"/>
  <testcase time="0.015" classname="org.apache.commons.math3.analysis.differentiation.DerivativeStructureTest" name="testRemainder"/>
  <testcase time="0.001" classname="org.apache.commons.math3.analysis.differentiation.DerivativeStructureTest" name="testNegate"/>
  <testcase time="0" classname="org.apache.commons.math3.analysis.differentiation.DerivativeStructureTest" name="testHypotNeglectible"/>
  <testcase time="0.024" classname="org.apache.commons.math3.analysis.differentiation.DerivativeStructureTest" name="testCbrtPow3"/>
  <testcase time="0.035" classname="org.apache.commons.math3.analysis.differentiation.DerivativeStructureTest" name="testLog10Definition"/>
  <testcase time="0.03" classname="org.apache.commons.math3.analysis.differentiation.DerivativeStructureTest" name="testSinAsin"/>
  <testcase time="0" classname="org.apache.commons.math3.analysis.differentiation.DerivativeStructureTest" name="testSignum"/>
  <testcase time="0.039" classname="org.apache.commons.math3.analysis.differentiation.DerivativeStructureTest" name="testSinCos"/>
  <testcase time="0.004" classname="org.apache.commons.math3.analysis.differentiation.DerivativeStructureTest" name="testRootNSingularity"/>
  <testcase time="0.145" classname="org.apache.commons.math3.analysis.differentiation.DerivativeStructureTest" name="testExpression"/>
  <testcase time="0.001" classname="org.apache.commons.math3.analysis.differentiation.DerivativeStructureTest" name="testVariableWithoutDerivative0"/>
  <testcase time="0" classname="org.apache.commons.math3.analysis.differentiation.DerivativeStructureTest" name="testVariableWithoutDerivative1"/>
  <testcase time="0.032" classname="org.apache.commons.math3.analysis.differentiation.DerivativeStructureTest" name="testToDegreesDefinition"/>
  <testcase time="0.041" classname="org.apache.commons.math3.analysis.differentiation.DerivativeStructureTest" name="testLog10Power"/>
  <testcase time="0.029" classname="org.apache.commons.math3.analysis.differentiation.DerivativeStructureTest" name="testTanhDefinition"/>
  <testcase time="0" classname="org.apache.commons.math3.analysis.differentiation.DerivativeStructureTest" name="testOneOrderConstructor"/>
  <testcase time="0.021" classname="org.apache.commons.math3.analysis.differentiation.DerivativeStructureTest" name="testCbrtDefinition"/>
  <testcase time="0.072" classname="org.apache.commons.math3.analysis.differentiation.DerivativeStructureTest" name="testTaylorAtan2"/>
  <testcase time="0.002" classname="org.apache.commons.math3.analysis.differentiation.DerivativeStructureTest" name="testDivideField"/>
  <testcase time="0.002" classname="org.apache.commons.math3.analysis.differentiation.DerivativeStructureTest" name="testRemainderDouble"/>
  <testcase time="0" classname="org.apache.commons.math3.analysis.differentiation.DerivativeStructureTest" name="testGetField"/>
  <testcase time="0.001" classname="org.apache.commons.math3.analysis.differentiation.DerivativeStructureTest" name="testDivideDouble"/>
  <testcase time="0" classname="org.apache.commons.math3.analysis.differentiation.DerivativeStructureTest" name="testCos"/>
  <testcase time="0.001" classname="org.apache.commons.math3.analysis.differentiation.DerivativeStructureTest" name="testSin"/>
  <testcase time="0" classname="org.apache.commons.math3.analysis.differentiation.DerivativeStructureTest" name="testTan"/>
  <testcase time="0.001" classname="org.apache.commons.math3.analysis.differentiation.DerivativeStructureTest" name="testAcosh"/>
  <testcase time="0" classname="org.apache.commons.math3.analysis.differentiation.DerivativeStructureTest" name="testAsinh"/>
  <testcase time="0" classname="org.apache.commons.math3.analysis.differentiation.DerivativeStructureTest" name="testAtanh"/>
  <testcase time="0" classname="org.apache.commons.math3.analysis.differentiation.DerivativeStructureTest" name="testExpm1"/>
  <testcase time="0" classname="org.apache.commons.math3.analysis.differentiation.DerivativeStructureTest" name="testFloor"/>
  <testcase time="0.003" classname="org.apache.commons.math3.analysis.differentiation.DerivativeStructureTest" name="testHypot"/>
  <testcase time="0.001" classname="org.apache.commons.math3.analysis.differentiation.DerivativeStructureTest" name="testLog1p"/>
  <testcase time="0" classname="org.apache.commons.math3.analysis.differentiation.DerivativeStructureTest" name="testRootN"/>
  <testcase time="0.001" classname="org.apache.commons.math3.analysis.differentiation.DerivativeStructureTest" name="testRound"/>
  <testcase time="0.012" classname="org.apache.commons.math3.analysis.differentiation.DerivativeStructureTest" name="testScalb"/>
  <testcase time="0" classname="org.apache.commons.math3.analysis.differentiation.DerivativeStructureTest" name="testAcos"/>
  <testcase time="0" classname="org.apache.commons.math3.analysis.differentiation.DerivativeStructureTest" name="testAsin"/>
  <testcase time="0" classname="org.apache.commons.math3.analysis.differentiation.DerivativeStructureTest" name="testAtan"/>
  <testcase time="0" classname="org.apache.commons.math3.analysis.differentiation.DerivativeStructureTest" name="testCbrt"/>
  <testcase time="0" classname="org.apache.commons.math3.analysis.differentiation.DerivativeStructureTest" name="testCeil"/>
  <testcase time="0.001" classname="org.apache.commons.math3.analysis.differentiation.DerivativeStructureTest" name="testCosh"/>
  <testcase time="0" classname="org.apache.commons.math3.analysis.differentiation.DerivativeStructureTest" name="testHash"/>
  <testcase time="0.001" classname="org.apache.commons.math3.analysis.differentiation.DerivativeStructureTest" name="testRint"/>
  <testcase time="0" classname="org.apache.commons.math3.analysis.differentiation.DerivativeStructureTest" name="testSinh"/>
  <testcase time="0.001" classname="org.apache.commons.math3.analysis.differentiation.DerivativeStructureTest" name="testSqrt"/>
  <testcase time="0" classname="org.apache.commons.math3.analysis.differentiation.DerivativeStructureTest" name="testTanh"/>
  <testcase time="0.002" classname="org.apache.commons.math3.analysis.differentiation.DerivativeStructureTest" name="testAddField"/>
  <testcase time="0.001" classname="org.apache.commons.math3.analysis.differentiation.DerivativeStructureTest" name="testMultiplyDouble"/>
  <testcase time="0.001" classname="org.apache.commons.math3.analysis.differentiation.DerivativeStructureTest" name="testMultiplyInt"/>
  <testcase time="0.001" classname="org.apache.commons.math3.analysis.differentiation.DerivativeStructureTest" name="testLinearCombinationDaFa"/>
  <testcase time="0.002" classname="org.apache.commons.math3.analysis.differentiation.DerivativeStructureTest" name="testLinearCombinationFaFa"/>
  <testcase time="0.001" classname="org.apache.commons.math3.analysis.differentiation.DerivativeStructureTest" name="testAddDouble"/>
  <testcase time="0.002" classname="org.apache.commons.math3.analysis.differentiation.DerivativeStructureTest" name="testPowDouble"/>
  <testcase time="0.002" classname="org.apache.commons.math3.analysis.differentiation.DerivativeStructureTest" name="testSubtractDouble"/>
  <testcase time="0.003" classname="org.apache.commons.math3.analysis.differentiation.DerivativeStructureTest" name="testRemainderField"/>
  <testcase time="0.002" classname="org.apache.commons.math3.analysis.differentiation.DerivativeStructureTest" name="testCopySignDouble"/>
  <testcase time="0" classname="org.apache.commons.math3.analysis.differentiation.DerivativeStructureTest" name="testLinearCombinationDF2"/>
  <testcase time="0" classname="org.apache.commons.math3.analysis.differentiation.DerivativeStructureTest" name="testLinearCombinationDF3"/>
  <testcase time="0" classname="org.apache.commons.math3.analysis.differentiation.DerivativeStructureTest" name="testLinearCombinationDF4"/>
  <testcase time="0" classname="org.apache.commons.math3.analysis.differentiation.DerivativeStructureTest" name="testLinearCombinationFF2"/>
  <testcase time="0.002" classname="org.apache.commons.math3.analysis.differentiation.DerivativeStructureTest" name="testLinearCombinationFF3"/>
  <testcase time="0" classname="org.apache.commons.math3.analysis.differentiation.DerivativeStructureTest" name="testLinearCombinationFF4"/>
  <testcase time="0" classname="org.apache.commons.math3.analysis.differentiation.DerivativeStructureTest" name="testEquals"/>
  <testcase time="0.002" classname="org.apache.commons.math3.analysis.differentiation.DerivativeStructureTest" name="testCopySignField"/>
  <testcase time="0.002" classname="org.apache.commons.math3.analysis.differentiation.DerivativeStructureTest" name="testPowField"/>
  <testcase time="0" classname="org.apache.commons.math3.analysis.differentiation.DerivativeStructureTest" name="testPowInt"/>
  <testcase time="0.001" classname="org.apache.commons.math3.analysis.differentiation.DerivativeStructureTest" name="testMultiplyField"/>
  <testcase time="0.002" classname="org.apache.commons.math3.analysis.differentiation.DerivativeStructureTest" name="testSubtractField"/>
</testsuite>