<?xml version="1.0" encoding="UTF-8" ?>
<testsuite failures="0" time="5.845" errors="0" skipped="0" tests="63" name="org.apache.commons.math3.random.Well19937cTest">
  <properties>
    <property name="java.runtime.name" value="OpenJDK Runtime Environment"/>
    <property name="sun.boot.library.path" value="/usr/lib/jvm/java-7-openjdk-amd64/jre/lib/amd64"/>
    <property name="java.vm.version" value="24.75-b04"/>
    <property name="java.vm.vendor" value="Oracle Corporation"/>
    <property name="java.vendor.url" value="http://java.oracle.com/"/>
    <property name="path.separator" value=":"/>
    <property name="java.vm.name" value="OpenJDK 64-Bit Server VM"/>
    <property name="file.encoding.pkg" value="sun.io"/>
    <property name="user.country" value="US"/>
    <property name="sun.java.launcher" value="SUN_STANDARD"/>
    <property name="sun.os.patch.level" value="unknown"/>
    <property name="java.vm.specification.name" value="Java Virtual Machine Specification"/>
    <property name="user.dir" value="/home/matias/develop/repositories/versions/math-0c1ef"/>
    <property name="java.runtime.version" value="1.7.0_75-b13"/>
    <property name="java.awt.graphicsenv" value="sun.awt.X11GraphicsEnvironment"/>
    <property name="java.endorsed.dirs" value="/usr/lib/jvm/java-7-openjdk-amd64/jre/lib/endorsed"/>
    <property name="os.arch" value="amd64"/>
    <property name="java.io.tmpdir" value="/tmp"/>
    <property name="line.separator" value="
"/>
    <property name="java.vm.specification.vendor" value="Oracle Corporation"/>
    <property name="os.name" value="Linux"/>
    <property name="classworlds.conf" value="/usr/share/maven2/bin/m2.conf"/>
    <property name="sun.jnu.encoding" value="UTF-8"/>
    <property name="java.library.path" value="/usr/java/packages/lib/amd64:/usr/lib/x86_64-linux-gnu/jni:/lib/x86_64-linux-gnu:/usr/lib/x86_64-linux-gnu:/usr/lib/jni:/lib:/usr/lib"/>
    <property name="java.specification.name" value="Java Platform API Specification"/>
    <property name="java.class.version" value="51.0"/>
    <property name="sun.management.compiler" value="HotSpot 64-Bit Tiered Compilers"/>
    <property name="os.version" value="3.16.0-31-generic"/>
    <property name="user.home" value="/home/matias"/>
    <property name="user.timezone" value="Europe/Paris"/>
    <property name="java.awt.printerjob" value="sun.print.PSPrinterJob"/>
    <property name="file.encoding" value="UTF-8"/>
    <property name="java.specification.version" value="1.7"/>
    <property name="user.name" value="matias"/>
    <property name="java.class.path" value="/usr/share/maven2/boot/classworlds.jar"/>
    <property name="java.vm.specification.version" value="1.7"/>
    <property name="sun.arch.data.model" value="64"/>
    <property name="java.home" value="/usr/lib/jvm/java-7-openjdk-amd64/jre"/>
    <property name="sun.java.command" value="org.codehaus.classworlds.Launcher &quot;install&quot;"/>
    <property name="java.specification.vendor" value="Oracle Corporation"/>
    <property name="user.language" value="en"/>
    <property name="awt.toolkit" value="sun.awt.X11.XToolkit"/>
    <property name="java.vm.info" value="mixed mode"/>
    <property name="java.version" value="1.7.0_75"/>
    <property name="java.ext.dirs" value="/usr/lib/jvm/java-7-openjdk-amd64/jre/lib/ext:/usr/java/packages/lib/ext"/>
    <property name="securerandom.source" value="file:/dev/./urandom"/>
    <property name="sun.boot.class.path" value="/usr/lib/jvm/java-7-openjdk-amd64/jre/lib/resources.jar:/usr/lib/jvm/java-7-openjdk-amd64/jre/lib/rt.jar:/usr/lib/jvm/java-7-openjdk-amd64/jre/lib/sunrsasign.jar:/usr/lib/jvm/java-7-openjdk-amd64/jre/lib/jsse.jar:/usr/lib/jvm/java-7-openjdk-amd64/jre/lib/jce.jar:/usr/lib/jvm/java-7-openjdk-amd64/jre/lib/charsets.jar:/usr/lib/jvm/java-7-openjdk-amd64/jre/lib/rhino.jar:/usr/lib/jvm/java-7-openjdk-amd64/jre/lib/jfr.jar:/usr/lib/jvm/java-7-openjdk-amd64/jre/classes"/>
    <property name="java.vendor" value="Oracle Corporation"/>
    <property name="maven.home" value="/usr/share/maven2"/>
    <property name="file.separator" value="/"/>
    <property name="java.vendor.url.bug" value="http://bugreport.sun.com/bugreport/"/>
    <property name="sun.cpu.endian" value="little"/>
    <property name="sun.io.unicode.encoding" value="UnicodeLittle"/>
    <property name="sun.desktop" value="gnome"/>
    <property name="sun.cpu.isalist" value=""/>
  </properties>
  <testcase time="0" classname="org.apache.commons.math3.random.Well19937cTest" name="testReferenceCode"/>
  <testcase time="0" classname="org.apache.commons.math3.random.Well19937cTest" name="testNextIntIAE2"/>
  <testcase time="1.05" classname="org.apache.commons.math3.random.Well19937cTest" name="testNextIntDirect"/>
  <testcase time="0.001" classname="org.apache.commons.math3.random.Well19937cTest" name="testNextFloatDirect"/>
  <testcase time="0" classname="org.apache.commons.math3.random.Well19937cTest" name="testNextBooleanDirect"/>
  <testcase time="0.001" classname="org.apache.commons.math3.random.Well19937cTest" name="testNextLongDirect"/>
  <testcase time="0.002" classname="org.apache.commons.math3.random.Well19937cTest" name="testNexBoolean2"/>
  <testcase time="0" classname="org.apache.commons.math3.random.Well19937cTest" name="testFloatDirect"/>
  <testcase time="0" classname="org.apache.commons.math3.random.Well19937cTest" name="testSeeding"/>
  <testcase time="0.002" classname="org.apache.commons.math3.random.Well19937cTest" name="testDoubleDirect"/>
  <testcase time="0" classname="org.apache.commons.math3.random.Well19937cTest" name="testNextLong2"/>
  <testcase time="0" classname="org.apache.commons.math3.random.Well19937cTest" name="testNextIntNeg"/>
  <testcase time="0.054" classname="org.apache.commons.math3.random.Well19937cTest" name="testNexBytes"/>
  <testcase time="0.002" classname="org.apache.commons.math3.random.Well19937cTest" name="testNextInt2"/>
  <testcase time="0.008" classname="org.apache.commons.math3.random.Well19937cTest" name="testNextPascal"/>
  <testcase time="0.012" classname="org.apache.commons.math3.random.Well19937cTest" name="testNextSample"/>
  <testcase time="0.025" classname="org.apache.commons.math3.random.Well19937cTest" name="testNextLongNegativeRange"/>
  <testcase time="0.01" classname="org.apache.commons.math3.random.Well19937cTest" name="testNextIntNegativeToPositiveRange"/>
  <testcase time="0" classname="org.apache.commons.math3.random.Well19937cTest" name="testNextIntExtremeValues"/>
  <testcase time="0.001" classname="org.apache.commons.math3.random.Well19937cTest" name="testNextUniformExclusiveEndpoints"/>
  <testcase time="0.001" classname="org.apache.commons.math3.random.Well19937cTest" name="testNextGaussian"/>
  <testcase time="0" classname="org.apache.commons.math3.random.Well19937cTest" name="testNextUniformExtremeValues"/>
  <testcase time="0.001" classname="org.apache.commons.math3.random.Well19937cTest" name="testNextSecureLongIAE"/>
  <testcase time="0.029" classname="org.apache.commons.math3.random.Well19937cTest" name="testNextF"/>
  <testcase time="0.022" classname="org.apache.commons.math3.random.Well19937cTest" name="testNextT"/>
  <testcase time="0" classname="org.apache.commons.math3.random.Well19937cTest" name="testNextSecureIntNegativeToPositiveRange"/>
  <testcase time="0.047" classname="org.apache.commons.math3.random.Well19937cTest" name="testNextChiSquare"/>
  <testcase time="0" classname="org.apache.commons.math3.random.Well19937cTest" name="testNextSecureHex"/>
  <testcase time="3.507" classname="org.apache.commons.math3.random.Well19937cTest" name="testNextPoissonConsistency"/>
  <testcase time="0.005" classname="org.apache.commons.math3.random.Well19937cTest" name="testNextHypergeometric"/>
  <testcase time="0" classname="org.apache.commons.math3.random.Well19937cTest" name="testNextSecureLongPositiveRange"/>
  <testcase time="0" classname="org.apache.commons.math3.random.Well19937cTest" name="testNextSecureIntPositiveRange"/>
  <testcase time="0.005" classname="org.apache.commons.math3.random.Well19937cTest" name="testNextLongNegativeToPositiveRange"/>
  <testcase time="0.003" classname="org.apache.commons.math3.random.Well19937cTest" name="testNextUniformUniformMaximalInterval"/>
  <testcase time="0" classname="org.apache.commons.math3.random.Well19937cTest" name="testNextLongExtremeValues"/>
  <testcase time="0.002" classname="org.apache.commons.math3.random.Well19937cTest" name="testNextExponential"/>
  <testcase time="0" classname="org.apache.commons.math3.random.Well19937cTest" name="testNextSecureLongNegativeRange"/>
  <testcase time="0" classname="org.apache.commons.math3.random.Well19937cTest" name="testNextSecureIntNegativeRange"/>
  <testcase time="0.01" classname="org.apache.commons.math3.random.Well19937cTest" name="testNextPoisson"/>
  <testcase time="0.005" classname="org.apache.commons.math3.random.Well19937cTest" name="testNextUniformUniformNegativeToPositiveBounds"/>
  <testcase time="0.002" classname="org.apache.commons.math3.random.Well19937cTest" name="testNextPermutation"/>
  <testcase time="0.008" classname="org.apache.commons.math3.random.Well19937cTest" name="testNextIntPositiveRange"/>
  <testcase time="0" classname="org.apache.commons.math3.random.Well19937cTest" name="testNextSecureIntIAE"/>
  <testcase time="0" classname="org.apache.commons.math3.random.Well19937cTest" name="testNextUniformIAE"/>
  <testcase time="0.003" classname="org.apache.commons.math3.random.Well19937cTest" name="testNextUniformUniformNegaiveBounds"/>
  <testcase time="0.007" classname="org.apache.commons.math3.random.Well19937cTest" name="testNextBinomial"/>
  <testcase time="0.001" classname="org.apache.commons.math3.random.Well19937cTest" name="testNextLongIAE"/>
  <testcase time="0.002" classname="org.apache.commons.math3.random.Well19937cTest" name="testConfig"/>
  <testcase time="0.077" classname="org.apache.commons.math3.random.Well19937cTest" name="testNextIntWideRange"/>
  <testcase time="0" classname="org.apache.commons.math3.random.Well19937cTest" name="testNextSecureLongNegativeToPositiveRange"/>
  <testcase time="0.003" classname="org.apache.commons.math3.random.Well19937cTest" name="testNextIntNegativeRange"/>
  <testcase time="0" classname="org.apache.commons.math3.random.Well19937cTest" name="testNextInversionDeviate"/>
  <testcase time="0.054" classname="org.apache.commons.math3.random.Well19937cTest" name="testNextHex"/>
  <testcase time="0.824" classname="org.apache.commons.math3.random.Well19937cTest" name="testNextLongWideRange"/>
  <testcase time="0.007" classname="org.apache.commons.math3.random.Well19937cTest" name="testNextLongPositiveRange"/>
  <testcase time="0" classname="org.apache.commons.math3.random.Well19937cTest" name="testReseed"/>
  <testcase time="0.001" classname="org.apache.commons.math3.random.Well19937cTest" name="testNextCauchy"/>
  <testcase time="0.001" classname="org.apache.commons.math3.random.Well19937cTest" name="testNextUniformUniformPositiveBounds"/>
  <testcase time="0.004" classname="org.apache.commons.math3.random.Well19937cTest" name="testNextGamma"/>
  <testcase time="0.001" classname="org.apache.commons.math3.random.Well19937cTest" name="testNextWeibull"/>
  <testcase time="0" classname="org.apache.commons.math3.random.Well19937cTest" name="testNextIntIAE"/>
  <testcase time="0.012" classname="org.apache.commons.math3.random.Well19937cTest" name="testNextBeta"/>
  <testcase time="0.019" classname="org.apache.commons.math3.random.Well19937cTest" name="testNextZipf"/>
</testsuite>