<?xml version="1.0" encoding="UTF-8" ?>
<testsuite failures="0" time="10.681" errors="0" skipped="1" tests="65" name="org.apache.commons.math3.util.FastMathTest">
  <properties>
    <property name="java.runtime.name" value="OpenJDK Runtime Environment"/>
    <property name="sun.boot.library.path" value="/usr/lib/jvm/java-7-openjdk-amd64/jre/lib/amd64"/>
    <property name="java.vm.version" value="24.75-b04"/>
    <property name="java.vm.vendor" value="Oracle Corporation"/>
    <property name="java.vendor.url" value="http://java.oracle.com/"/>
    <property name="path.separator" value=":"/>
    <property name="java.vm.name" value="OpenJDK 64-Bit Server VM"/>
    <property name="file.encoding.pkg" value="sun.io"/>
    <property name="user.country" value="US"/>
    <property name="sun.java.launcher" value="SUN_STANDARD"/>
    <property name="sun.os.patch.level" value="unknown"/>
    <property name="java.vm.specification.name" value="Java Virtual Machine Specification"/>
    <property name="user.dir" value="/home/matias/develop/repositories/versions/math-0c1ef"/>
    <property name="java.runtime.version" value="1.7.0_75-b13"/>
    <property name="java.awt.graphicsenv" value="sun.awt.X11GraphicsEnvironment"/>
    <property name="java.endorsed.dirs" value="/usr/lib/jvm/java-7-openjdk-amd64/jre/lib/endorsed"/>
    <property name="os.arch" value="amd64"/>
    <property name="java.io.tmpdir" value="/tmp"/>
    <property name="line.separator" value="
"/>
    <property name="java.vm.specification.vendor" value="Oracle Corporation"/>
    <property name="os.name" value="Linux"/>
    <property name="classworlds.conf" value="/usr/share/maven2/bin/m2.conf"/>
    <property name="sun.jnu.encoding" value="UTF-8"/>
    <property name="java.library.path" value="/usr/java/packages/lib/amd64:/usr/lib/x86_64-linux-gnu/jni:/lib/x86_64-linux-gnu:/usr/lib/x86_64-linux-gnu:/usr/lib/jni:/lib:/usr/lib"/>
    <property name="java.specification.name" value="Java Platform API Specification"/>
    <property name="java.class.version" value="51.0"/>
    <property name="sun.management.compiler" value="HotSpot 64-Bit Tiered Compilers"/>
    <property name="os.version" value="3.16.0-31-generic"/>
    <property name="user.home" value="/home/matias"/>
    <property name="user.timezone" value="Europe/Paris"/>
    <property name="java.awt.printerjob" value="sun.print.PSPrinterJob"/>
    <property name="file.encoding" value="UTF-8"/>
    <property name="java.specification.version" value="1.7"/>
    <property name="user.name" value="matias"/>
    <property name="java.class.path" value="/usr/share/maven2/boot/classworlds.jar"/>
    <property name="java.vm.specification.version" value="1.7"/>
    <property name="sun.arch.data.model" value="64"/>
    <property name="java.home" value="/usr/lib/jvm/java-7-openjdk-amd64/jre"/>
    <property name="sun.java.command" value="org.codehaus.classworlds.Launcher &quot;install&quot;"/>
    <property name="java.specification.vendor" value="Oracle Corporation"/>
    <property name="user.language" value="en"/>
    <property name="awt.toolkit" value="sun.awt.X11.XToolkit"/>
    <property name="java.vm.info" value="mixed mode"/>
    <property name="java.version" value="1.7.0_75"/>
    <property name="java.ext.dirs" value="/usr/lib/jvm/java-7-openjdk-amd64/jre/lib/ext:/usr/java/packages/lib/ext"/>
    <property name="securerandom.source" value="file:/dev/./urandom"/>
    <property name="sun.boot.class.path" value="/usr/lib/jvm/java-7-openjdk-amd64/jre/lib/resources.jar:/usr/lib/jvm/java-7-openjdk-amd64/jre/lib/rt.jar:/usr/lib/jvm/java-7-openjdk-amd64/jre/lib/sunrsasign.jar:/usr/lib/jvm/java-7-openjdk-amd64/jre/lib/jsse.jar:/usr/lib/jvm/java-7-openjdk-amd64/jre/lib/jce.jar:/usr/lib/jvm/java-7-openjdk-amd64/jre/lib/charsets.jar:/usr/lib/jvm/java-7-openjdk-amd64/jre/lib/rhino.jar:/usr/lib/jvm/java-7-openjdk-amd64/jre/lib/jfr.jar:/usr/lib/jvm/java-7-openjdk-amd64/jre/classes"/>
    <property name="java.vendor" value="Oracle Corporation"/>
    <property name="maven.home" value="/usr/share/maven2"/>
    <property name="file.separator" value="/"/>
    <property name="java.vendor.url.bug" value="http://bugreport.sun.com/bugreport/"/>
    <property name="sun.cpu.endian" value="little"/>
    <property name="sun.io.unicode.encoding" value="UnicodeLittle"/>
    <property name="sun.desktop" value="gnome"/>
    <property name="sun.cpu.isalist" value=""/>
  </properties>
  <testcase time="0" classname="org.apache.commons.math3.util.FastMathTest" name="testLogSpecialCases"/>
  <testcase time="0" classname="org.apache.commons.math3.util.FastMathTest" name="testToIntExactTooHigh"/>
  <testcase time="0.009" classname="org.apache.commons.math3.util.FastMathTest" name="testDoubleNextAfterSpecialCases"/>
  <testcase time="0" classname="org.apache.commons.math3.util.FastMathTest" name="testIncrementExactInt"/>
  <testcase time="0.076" classname="org.apache.commons.math3.util.FastMathTest" name="testFloorDivInt"/>
  <testcase time="0.001" classname="org.apache.commons.math3.util.FastMathTest" name="testIndicatorDouble"/>
  <testcase time="0.034" classname="org.apache.commons.math3.util.FastMathTest" name="testFloorModInt"/>
  <testcase time="0.001" classname="org.apache.commons.math3.util.FastMathTest" name="testSubtractExactInt"/>
  <testcase time="0.001" classname="org.apache.commons.math3.util.FastMathTest" name="testAtan2SpecialCases"/>
  <testcase time="1.461" classname="org.apache.commons.math3.util.FastMathTest" name="testCbrtAccuracy"/>
  <testcase time="0.001" classname="org.apache.commons.math3.util.FastMathTest" name="testAtan2"/>
  <testcase time="0.001" classname="org.apache.commons.math3.util.FastMathTest" name="checkMissingFastMathClasses"/>
  <testcase time="0.13" classname="org.apache.commons.math3.util.FastMathTest" name="testLogAccuracy"/>
  <testcase time="0" classname="org.apache.commons.math3.util.FastMathTest" name="testLog1pSpecialCases"/>
  <testcase time="1.388" classname="org.apache.commons.math3.util.FastMathTest" name="testAcosAccuracy"/>
  <testcase time="0" classname="org.apache.commons.math3.util.FastMathTest" name="testMinMaxDouble"/>
  <testcase time="0" classname="org.apache.commons.math3.util.FastMathTest" name="testAcosSpecialCases"/>
  <testcase time="0" classname="org.apache.commons.math3.util.FastMathTest" name="testPowSpecialCases"/>
  <testcase time="0" classname="org.apache.commons.math3.util.FastMathTest" name="testDoubleScalbSpecialCases"/>
  <testcase time="0" classname="org.apache.commons.math3.util.FastMathTest" name="testToIntExactTooLow"/>
  <testcase time="2.392" classname="org.apache.commons.math3.util.FastMathTest" name="testTanhAccuracy"/>
  <testcase time="0.001" classname="org.apache.commons.math3.util.FastMathTest" name="testMath905LargePositive"/>
  <testcase time="0" classname="org.apache.commons.math3.util.FastMathTest" name="testMath905LargeNegative"/>
  <testcase time="0.021" classname="org.apache.commons.math3.util.FastMathTest" name="testFloorDivModInt"/>
  <testcase time="0" classname="org.apache.commons.math3.util.FastMathTest" name="testToIntExact"/>
  <testcase time="0.032" classname="org.apache.commons.math3.util.FastMathTest" name="testToRadians"/>
  <testcase time="0.003" classname="org.apache.commons.math3.util.FastMathTest" name="testMultiplyExactLong"/>
  <testcase time="0" classname="org.apache.commons.math3.util.FastMathTest" name="testLogWithBase"/>
  <testcase time="0" classname="org.apache.commons.math3.util.FastMathTest" name="testDecrementExactInt"/>
  <testcase time="0" classname="org.apache.commons.math3.util.FastMathTest" name="testConstants"/>
  <testcase time="0.001" classname="org.apache.commons.math3.util.FastMathTest" name="testAddExactInt"/>
  <testcase time="0.102" classname="org.apache.commons.math3.util.FastMathTest" name="testTanAccuracy"/>
  <testcase time="0" classname="org.apache.commons.math3.util.FastMathTest" name="testMath904"/>
  <testcase time="0" classname="org.apache.commons.math3.util.FastMathTest" name="testFloatScalbSpecialCases"/>
  <testcase time="0.002" classname="org.apache.commons.math3.util.FastMathTest" name="testAddExactLong"/>
  <testcase time="0.031" classname="org.apache.commons.math3.util.FastMathTest" name="testToDegrees"/>
  <testcase time="0.003" classname="org.apache.commons.math3.util.FastMathTest" name="testMultiplyExactInt"/>
  <testcase time="0.001" classname="org.apache.commons.math3.util.FastMathTest" name="testSignumFloat"/>
  <testcase time="0.064" classname="org.apache.commons.math3.util.FastMathTest" name="testSinAccuracy"/>
  <testcase time="0.114" classname="org.apache.commons.math3.util.FastMathTest" name="testAtan2Accuracy"/>
  <testcase time="0" classname="org.apache.commons.math3.util.FastMathTest" name="testFloatNextAfterSpecialCases"/>
  <testcase time="0.075" classname="org.apache.commons.math3.util.FastMathTest" name="testExpm1Accuracy"/>
  <testcase time="0" classname="org.apache.commons.math3.util.FastMathTest" name="testSignumDouble"/>
  <testcase time="0.001" classname="org.apache.commons.math3.util.FastMathTest" name="testMinMaxFloat"/>
  <testcase time="0.04" classname="org.apache.commons.math3.util.FastMathTest" name="testHyperbolic"/>
  <testcase time="0.028" classname="org.apache.commons.math3.util.FastMathTest" name="testFloorModLong"/>
  <testcase time="1.215" classname="org.apache.commons.math3.util.FastMathTest" name="testCoshAccuracy"/>
  <testcase time="0.001" classname="org.apache.commons.math3.util.FastMathTest" name="testSubtractExactLong"/>
  <testcase time="0.016" classname="org.apache.commons.math3.util.FastMathTest" name="testIntPow"/>
  <testcase time="0" classname="org.apache.commons.math3.util.FastMathTest" name="testIndicatorFloat"/>
  <testcase time="0.214" classname="org.apache.commons.math3.util.FastMathTest" name="testPowAccuracy"/>
  <testcase time="0.027" classname="org.apache.commons.math3.util.FastMathTest" name="testFloorDivModLong"/>
  <testcase time="0.032" classname="org.apache.commons.math3.util.FastMathTest" name="testFloorDivLong"/>
  <testcase time="0" classname="org.apache.commons.math3.util.FastMathTest" name="testExpSpecialCases"/>
  <testcase time="0.182" classname="org.apache.commons.math3.util.FastMathTest" name="testLog10Accuracy"/>
  <testcase time="0.094" classname="org.apache.commons.math3.util.FastMathTest" name="testAtanAccuracy"/>
  <testcase time="0" classname="org.apache.commons.math3.util.FastMathTest" name="testNextAfter"/>
  <testcase time="0.081" classname="org.apache.commons.math3.util.FastMathTest" name="testLog1pAccuracy"/>
  <testcase time="0.011" classname="org.apache.commons.math3.util.FastMathTest" name="testHyperbolicInverses"/>
  <testcase time="0.011" classname="org.apache.commons.math3.util.FastMathTest" name="checkExtraFastMathClasses">
    <skipped/>
  </testcase>
  <testcase time="0" classname="org.apache.commons.math3.util.FastMathTest" name="testAsinSpecialCases"/>
  <testcase time="1.338" classname="org.apache.commons.math3.util.FastMathTest" name="testAsinAccuracy"/>
  <testcase time="0.062" classname="org.apache.commons.math3.util.FastMathTest" name="testCosAccuracy"/>
  <testcase time="0.147" classname="org.apache.commons.math3.util.FastMathTest" name="testExpAccuracy"/>
  <testcase time="1.232" classname="org.apache.commons.math3.util.FastMathTest" name="testSinhAccuracy"/>
</testsuite>